#
# A fatal error has been detected by the Java Runtime Environment:
#
#  EXCEPTION_ACCESS_VIOLATION (0xc0000005) at pc=0x0000000001f51066, pid=10808, tid=0x0000000000002600
#
# JRE version: Java(TM) SE Runtime Environment (8.0_101-b13) (build 1.8.0_101-b13)
# Java VM: Java HotSpot(TM) 64-Bit Server VM (25.101-b13 mixed mode windows-amd64 compressed oops)
# Problematic frame:
# C  [OpenAL64.dll+0x11066]
#
# Failed to write core dump. Minidumps are not enabled by default on client versions of Windows
#
# If you would like to submit a bug report, please visit:
#   http://bugreport.java.com/bugreport/crash.jsp
# The crash happened outside the Java Virtual Machine in native code.
# See problematic frame for where to report the bug.
#

---------------  T H R E A D  ---------------

Current thread (0x0000000001ff5800):  JavaThread "main" [_thread_in_native, id=9728, stack(0x0000000001df0000,0x0000000001ef0000)]

siginfo: ExceptionCode=0xc0000005, reading address 0x000000001bb8b004

Registers:
RAX=0x0000000000000001, RBX=0x000000001d000090, RCX=0x000000001bb8b008, RDX=0x000000001bb8b004
RSP=0x0000000001eecc90, RBP=0x00000000000000ff, RSI=0x000000001bb88f6c, RDI=0x0000000000000000
R8 =0x0000000000000826, R9 =0x000000001bb88f6c, R10=0x00000000021078e8, R11=0x000000006d22b4a0
R12=0x0000000000000001, R13=0x000000001c825a68, R14=0x0000000001eece30, R15=0x0000000001ff5800
RIP=0x0000000001f51066, EFLAGS=0x0000000000010202

Top of Stack: (sp=0x0000000001eecc90)
0x0000000001eecc90:   0000000000000000 0000000017e73ec0
0x0000000001eecca0:   0000000001fe7c70 0000000001ff5800
0x0000000001eeccb0:   000000001c825a68 0000000000000000
0x0000000001eeccc0:   0000000001ff5800 0000000001fe7c70
0x0000000001eeccd0:   000000001c825a68 0000000001eece30
0x0000000001eecce0:   0000000001ff5220 000000006d0bb1d6
0x0000000001eeccf0:   0000000001eed5c8 0000000001ff5ea0
0x0000000001eecd00:   0000000001ff5800 0000000001eece30
0x0000000001eecd10:   000000001c825a68 0000000000000000
0x0000000001eecd20:   000000001bb88f6c 0000000000000248
0x0000000001eecd30:   0000000001eecdf8 0000000001f5248f
0x0000000001eecd40:   000000001d000090 000000001d000090
0x0000000001eecd50:   000000000000ac44 0000000000000001
0x0000000001eecd60:   00000000020f7e70 0000000002107914
0x0000000001eecd70:   000000001c825a68 00000000020f7e70
0x0000000001eecd80:   00000000020f7e70 000000000210768b 

Instructions: (pc=0x0000000001f51066)
0x0000000001f51046:   41 2b ec 81 3a 03 00 02 00 75 09 8b 01 89 84 24
0x0000000001f51056:   c8 00 00 00 49 83 c0 02 48 83 c1 08 4a 8d 14 86
0x0000000001f51066:   39 3a 75 af 4c 8d 84 24 c0 00 00 00 48 8d 15 d7
0x0000000001f51076:   2b 03 00 33 c9 e8 58 5f 00 00 b8 40 1f 00 00 4c 


Register to memory mapping:

RAX=0x0000000000000001 is an unknown value
RBX=0x000000001d000090 is an unknown value
RCX=0x000000001bb8b008 is an unknown value
RDX=0x000000001bb8b004 is an unknown value
RSP=0x0000000001eecc90 is pointing into the stack for thread: 0x0000000001ff5800
RBP=0x00000000000000ff is an unknown value
RSI=0x000000001bb88f6c is an unknown value
RDI=0x0000000000000000 is an unknown value
R8 =0x0000000000000826 is an unknown value
R9 =0x000000001bb88f6c is an unknown value
R10=0x00000000021078e8 is at code_begin+840 in an Interpreter codelet
method entry point (kind = native)  [0x00000000021075a0, 0x0000000002107f00]  2400 bytes
R11=0x000000006d22b4a0 is an unknown value
R12=0x0000000000000001 is an unknown value
R13={method} {0x000000001c825a70} 'nalcCreateContext' '(JJ)J' in 'org/lwjgl/openal/ALC10'
R14=0x0000000001eece30 is pointing into the stack for thread: 0x0000000001ff5800
R15=0x0000000001ff5800 is a thread


Stack: [0x0000000001df0000,0x0000000001ef0000],  sp=0x0000000001eecc90,  free space=1011k
Native frames: (J=compiled Java code, j=interpreted, Vv=VM code, C=native code)
C  [OpenAL64.dll+0x11066]
C  [OpenAL64.dll+0x1248f]
C  0x0000000002107914

Java frames: (J=compiled Java code, j=interpreted, Vv=VM code)
j  org.lwjgl.openal.ALC10.nalcCreateContext(JJ)J+0
j  org.lwjgl.openal.ALC10.alcCreateContext(Lorg/lwjgl/openal/ALCdevice;Ljava/nio/IntBuffer;)Lorg/lwjgl/openal/ALCcontext;+8
j  org.lwjgl.openal.AL.init(Ljava/lang/String;IIZZ)V+69
j  org.lwjgl.openal.AL.create(Ljava/lang/String;IIZZ)V+246
j  org.lwjgl.openal.AL.create(Ljava/lang/String;IIZ)V+5
j  org.lwjgl.openal.AL.create()V+6
j  com.badlogic.gdx.backends.lwjgl.audio.OpenALAudio.<init>(III)V+114
j  com.badlogic.gdx.backends.lwjgl.LwjglApplication.<init>(Lcom/badlogic/gdx/ApplicationListener;Lcom/badlogic/gdx/backends/lwjgl/LwjglApplicationConfiguration;Lcom/badlogic/gdx/backends/lwjgl/LwjglGraphics;)V+120
j  com.badlogic.gdx.backends.lwjgl.LwjglApplication.<init>(Lcom/badlogic/gdx/ApplicationListener;Lcom/badlogic/gdx/backends/lwjgl/LwjglApplicationConfiguration;)V+11
j  org.uqbar.project.wollok.game.gameboard.WollokGDXApplication.<init>(Lorg/uqbar/project/wollok/game/gameboard/Gameboard;Ljava/lang/Boolean;)V+17
j  org.uqbar.project.wollok.game.helpers.Application.start(Lorg/uqbar/project/wollok/game/gameboard/Gameboard;Ljava/lang/Boolean;)V+5
j  org.uqbar.project.wollok.game.gameboard.Gameboard.start(Ljava/lang/Boolean;)V+13
j  wollok.game.GameObject.doStart(Ljava/lang/Boolean;)V+12
v  ~StubRoutines::call_stub
j  sun.reflect.NativeMethodAccessorImpl.invoke0(Ljava/lang/reflect/Method;Ljava/lang/Object;[Ljava/lang/Object;)Ljava/lang/Object;+0
j  sun.reflect.NativeMethodAccessorImpl.invoke(Ljava/lang/Object;[Ljava/lang/Object;)Ljava/lang/Object;+100
J 2334 C1 sun.reflect.DelegatingMethodAccessorImpl.invoke(Ljava/lang/Object;[Ljava/lang/Object;)Ljava/lang/Object; (10 bytes) @ 0x00000000028e2d04 [0x00000000028e2c00+0x104]
J 2333 C1 java.lang.reflect.Method.invoke(Ljava/lang/Object;[Ljava/lang/Object;)Ljava/lang/Object; (62 bytes) @ 0x00000000028e1e6c [0x00000000028e1a80+0x3ec]
j  org.uqbar.project.wollok.ui.utils.XTendUtilExtensions.invokeConvertingArgs(Ljava/lang/reflect/Method;Ljava/lang/Object;[Ljava/lang/Object;)Lorg/uqbar/project/wollok/interpreter/core/WollokObject;+265
j  org.uqbar.project.wollok.interpreter.AbstractWollokCallable._invokeNative(Ljava/lang/Object;Ljava/lang/String;[Lorg/uqbar/project/wollok/interpreter/core/WollokObject;)Lorg/uqbar/project/wollok/interpreter/core/WollokObject;+41
j  org.uqbar.project.wollok.interpreter.AbstractWollokCallable.invokeNative(Ljava/lang/Object;Ljava/lang/String;[Lorg/uqbar/project/wollok/interpreter/core/WollokObject;)Lorg/uqbar/project/wollok/interpreter/core/WollokObject;+26
j  org.uqbar.project.wollok.interpreter.AbstractWollokCallable$1.apply()Lorg/uqbar/project/wollok/interpreter/core/WollokObject;+55
j  org.uqbar.project.wollok.interpreter.AbstractWollokCallable$1.apply()Ljava/lang/Object;+1
j  org.uqbar.project.wollok.interpreter.threads.WThread.performOnStack(Lorg/eclipse/emf/ecore/EObject;Lorg/uqbar/project/wollok/interpreter/context/EvaluationContext;Lorg/eclipse/xtext/xbase/lib/Functions$Function0;)Lorg/uqbar/project/wollok/interpreter/core/WollokObject;+29
j  org.uqbar.project.wollok.interpreter.WollokInterpreter.performOnStack(Lorg/eclipse/emf/ecore/EObject;Lorg/uqbar/project/wollok/interpreter/context/EvaluationContext;Lorg/eclipse/xtext/xbase/lib/Functions$Function0;)Lorg/uqbar/project/wollok/interpreter/core/WollokObject;+7
j  org.uqbar.project.wollok.interpreter.AbstractWollokCallable.call(Lorg/uqbar/project/wollok/wollokDsl/WMethodDeclaration;[Lorg/uqbar/project/wollok/interpreter/core/WollokObject;)Lorg/uqbar/project/wollok/interpreter/core/WollokObject;+38
j  org.uqbar.project.wollok.interpreter.core.WollokObject.call(Ljava/lang/String;[Lorg/uqbar/project/wollok/interpreter/core/WollokObject;)Lorg/uqbar/project/wollok/interpreter/core/WollokObject;+55
j  org.uqbar.project.wollok.interpreter.WollokInterpreterEvaluator._evaluate(Lorg/uqbar/project/wollok/wollokDsl/WFeatureCall;)Lorg/uqbar/project/wollok/interpreter/core/WollokObject;+119
j  org.uqbar.project.wollok.launch.WollokLauncherInterpreterEvaluator.evaluate(Lorg/eclipse/emf/ecore/EObject;)Lorg/uqbar/project/wollok/interpreter/core/WollokObject;+412
j  org.uqbar.project.wollok.interpreter.WollokInterpreterEvaluator.evaluate(Lorg/eclipse/emf/ecore/EObject;)Ljava/lang/Object;+2
j  org.uqbar.project.wollok.interpreter.WollokInterpreter.eval(Lorg/eclipse/emf/ecore/EObject;)Lorg/uqbar/project/wollok/interpreter/core/WollokObject;+63
j  org.uqbar.project.wollok.interpreter.WollokInterpreterEvaluator.eval(Lorg/eclipse/emf/ecore/EObject;)Lorg/uqbar/project/wollok/interpreter/core/WollokObject;+5
j  org.uqbar.project.wollok.interpreter.WollokInterpreterEvaluator$1.apply(Lorg/uqbar/project/wollok/interpreter/core/WollokObject;Lorg/eclipse/emf/ecore/EObject;)Lorg/uqbar/project/wollok/interpreter/core/WollokObject;+5
j  org.uqbar.project.wollok.interpreter.WollokInterpreterEvaluator$1.apply(Ljava/lang/Object;Ljava/lang/Object;)Ljava/lang/Object;+9
j  org.eclipse.xtext.xbase.lib.IteratorExtensions.fold(Ljava/util/Iterator;Ljava/lang/Object;Lorg/eclipse/xtext/xbase/lib/Functions$Function2;)Ljava/lang/Object;+19
j  org.eclipse.xtext.xbase.lib.IterableExtensions.fold(Ljava/lang/Iterable;Ljava/lang/Object;Lorg/eclipse/xtext/xbase/lib/Functions$Function2;)Ljava/lang/Object;+8
j  org.uqbar.project.wollok.interpreter.WollokInterpreterEvaluator.evalAll(Ljava/lang/Iterable;)Lorg/uqbar/project/wollok/interpreter/core/WollokObject;+12
j  org.uqbar.project.wollok.interpreter.WollokInterpreterEvaluator._evaluate(Lorg/uqbar/project/wollok/wollokDsl/WBlockExpression;)Lorg/uqbar/project/wollok/interpreter/core/WollokObject;+34
j  org.uqbar.project.wollok.launch.WollokLauncherInterpreterEvaluator.evaluate(Lorg/eclipse/emf/ecore/EObject;)Lorg/uqbar/project/wollok/interpreter/core/WollokObject;+76
j  org.uqbar.project.wollok.interpreter.WollokInterpreterEvaluator.evaluate(Lorg/eclipse/emf/ecore/EObject;)Ljava/lang/Object;+2
j  org.uqbar.project.wollok.interpreter.WollokInterpreter.eval(Lorg/eclipse/emf/ecore/EObject;)Lorg/uqbar/project/wollok/interpreter/core/WollokObject;+63
j  org.uqbar.project.wollok.interpreter.AbstractWollokCallable.eval(Lorg/eclipse/emf/ecore/EObject;)Lorg/uqbar/project/wollok/interpreter/core/WollokObject;+5
j  org.uqbar.project.wollok.interpreter.AbstractWollokCallable$1.apply()Lorg/uqbar/project/wollok/interpreter/core/WollokObject;+110
j  org.uqbar.project.wollok.interpreter.AbstractWollokCallable$1.apply()Ljava/lang/Object;+1
j  org.uqbar.project.wollok.interpreter.threads.WThread.performOnStack(Lorg/eclipse/emf/ecore/EObject;Lorg/uqbar/project/wollok/interpreter/context/EvaluationContext;Lorg/eclipse/xtext/xbase/lib/Functions$Function0;)Lorg/uqbar/project/wollok/interpreter/core/WollokObject;+29
j  org.uqbar.project.wollok.interpreter.WollokInterpreter.performOnStack(Lorg/eclipse/emf/ecore/EObject;Lorg/uqbar/project/wollok/interpreter/context/EvaluationContext;Lorg/eclipse/xtext/xbase/lib/Functions$Function0;)Lorg/uqbar/project/wollok/interpreter/core/WollokObject;+7
j  org.uqbar.project.wollok.interpreter.AbstractWollokCallable.call(Lorg/uqbar/project/wollok/wollokDsl/WMethodDeclaration;[Lorg/uqbar/project/wollok/interpreter/core/WollokObject;)Lorg/uqbar/project/wollok/interpreter/core/WollokObject;+38
j  org.uqbar.project.wollok.interpreter.core.WollokObject.call(Ljava/lang/String;[Lorg/uqbar/project/wollok/interpreter/core/WollokObject;)Lorg/uqbar/project/wollok/interpreter/core/WollokObject;+55
j  org.uqbar.project.wollok.interpreter.WollokInterpreterEvaluator._evaluate(Lorg/uqbar/project/wollok/wollokDsl/WFeatureCall;)Lorg/uqbar/project/wollok/interpreter/core/WollokObject;+119
j  org.uqbar.project.wollok.launch.WollokLauncherInterpreterEvaluator.evaluate(Lorg/eclipse/emf/ecore/EObject;)Lorg/uqbar/project/wollok/interpreter/core/WollokObject;+412
j  org.uqbar.project.wollok.interpreter.WollokInterpreterEvaluator.evaluate(Lorg/eclipse/emf/ecore/EObject;)Ljava/lang/Object;+2
j  org.uqbar.project.wollok.interpreter.WollokInterpreter.eval(Lorg/eclipse/emf/ecore/EObject;)Lorg/uqbar/project/wollok/interpreter/core/WollokObject;+63
j  org.uqbar.project.wollok.interpreter.WollokInterpreterEvaluator.eval(Lorg/eclipse/emf/ecore/EObject;)Lorg/uqbar/project/wollok/interpreter/core/WollokObject;+5
j  org.uqbar.project.wollok.interpreter.WollokInterpreterEvaluator$1.apply(Lorg/uqbar/project/wollok/interpreter/core/WollokObject;Lorg/eclipse/emf/ecore/EObject;)Lorg/uqbar/project/wollok/interpreter/core/WollokObject;+5
j  org.uqbar.project.wollok.interpreter.WollokInterpreterEvaluator$1.apply(Ljava/lang/Object;Ljava/lang/Object;)Ljava/lang/Object;+9
j  org.eclipse.xtext.xbase.lib.IteratorExtensions.fold(Ljava/util/Iterator;Ljava/lang/Object;Lorg/eclipse/xtext/xbase/lib/Functions$Function2;)Ljava/lang/Object;+19
j  org.eclipse.xtext.xbase.lib.IterableExtensions.fold(Ljava/lang/Iterable;Ljava/lang/Object;Lorg/eclipse/xtext/xbase/lib/Functions$Function2;)Ljava/lang/Object;+8
j  org.uqbar.project.wollok.interpreter.WollokInterpreterEvaluator.evalAll(Ljava/lang/Iterable;)Lorg/uqbar/project/wollok/interpreter/core/WollokObject;+12
j  org.uqbar.project.wollok.interpreter.WollokInterpreterEvaluator._evaluate(Lorg/uqbar/project/wollok/wollokDsl/WProgram;)Lorg/uqbar/project/wollok/interpreter/core/WollokObject;+18
j  org.uqbar.project.wollok.launch.WollokLauncherInterpreterEvaluator.evaluate(Lorg/eclipse/emf/ecore/EObject;)Lorg/uqbar/project/wollok/interpreter/core/WollokObject;+444
j  org.uqbar.project.wollok.interpreter.WollokInterpreterEvaluator.evaluate(Lorg/eclipse/emf/ecore/EObject;)Ljava/lang/Object;+2
j  org.uqbar.project.wollok.interpreter.WollokInterpreter.eval(Lorg/eclipse/emf/ecore/EObject;)Lorg/uqbar/project/wollok/interpreter/core/WollokObject;+63
j  org.uqbar.project.wollok.interpreter.WollokInterpreterEvaluator.eval(Lorg/eclipse/emf/ecore/EObject;)Lorg/uqbar/project/wollok/interpreter/core/WollokObject;+5
j  org.uqbar.project.wollok.launch.WollokLauncherInterpreterEvaluator._evaluate(Lorg/uqbar/project/wollok/wollokDsl/WFile;)Lorg/uqbar/project/wollok/interpreter/core/WollokObject;+32
j  org.uqbar.project.wollok.launch.WollokLauncherInterpreterEvaluator.evaluate(Lorg/eclipse/emf/ecore/EObject;)Lorg/uqbar/project/wollok/interpreter/core/WollokObject;+428
j  org.uqbar.project.wollok.interpreter.WollokInterpreterEvaluator.evaluate(Lorg/eclipse/emf/ecore/EObject;)Ljava/lang/Object;+2
j  org.uqbar.project.wollok.interpreter.WollokInterpreter.interpret(Lorg/eclipse/emf/ecore/EObject;Ljava/lang/Boolean;)Lorg/uqbar/project/wollok/interpreter/core/WollokObject;+25
j  org.uqbar.project.wollok.interpreter.WollokInterpreter.interpret(Lorg/eclipse/emf/ecore/EObject;)Lorg/uqbar/project/wollok/interpreter/core/WollokObject;+8
j  org.uqbar.project.wollok.launch.WollokLauncher.doSomething(Lorg/uqbar/project/wollok/wollokDsl/WFile;Lcom/google/inject/Injector;Ljava/io/File;Lorg/uqbar/project/wollok/launch/WollokLauncherParameters;)V+57
j  org.uqbar.project.wollok.launch.WollokChecker.launch(Ljava/lang/String;Lorg/uqbar/project/wollok/launch/WollokLauncherParameters;)V+31
j  org.uqbar.project.wollok.launch.WollokChecker.doMain([Ljava/lang/String;)V+213
j  org.uqbar.project.wollok.launch.WollokLauncher.main([Ljava/lang/String;)V+8
v  ~StubRoutines::call_stub

---------------  P R O C E S S  ---------------

Java Threads: ( => current thread )
  0x0000000018b81800 JavaThread "com.google.inject.internal.util.$Finalizer" daemon [_thread_blocked, id=10960, stack(0x0000000019d70000,0x0000000019e70000)]
  0x0000000018532800 JavaThread "EMF Reference Cleaner" daemon [_thread_blocked, id=11372, stack(0x0000000019a70000,0x0000000019b70000)]
  0x0000000017cd0800 JavaThread "Service Thread" daemon [_thread_blocked, id=2688, stack(0x00000000180a0000,0x00000000181a0000)]
  0x000000001636a000 JavaThread "C1 CompilerThread2" daemon [_thread_blocked, id=5916, stack(0x0000000017ba0000,0x0000000017ca0000)]
  0x0000000016357000 JavaThread "C2 CompilerThread1" daemon [_thread_blocked, id=10356, stack(0x0000000017aa0000,0x0000000017ba0000)]
  0x0000000016354800 JavaThread "C2 CompilerThread0" daemon [_thread_blocked, id=11108, stack(0x00000000179a0000,0x0000000017aa0000)]
  0x0000000016353000 JavaThread "Attach Listener" daemon [_thread_blocked, id=5084, stack(0x00000000178a0000,0x00000000179a0000)]
  0x0000000016351800 JavaThread "Signal Dispatcher" daemon [_thread_blocked, id=6864, stack(0x00000000177a0000,0x00000000178a0000)]
  0x0000000016340000 JavaThread "Finalizer" daemon [_thread_blocked, id=8072, stack(0x00000000175c0000,0x00000000176c0000)]
  0x00000000020e5000 JavaThread "Reference Handler" daemon [_thread_blocked, id=3492, stack(0x00000000174c0000,0x00000000175c0000)]
=>0x0000000001ff5800 JavaThread "main" [_thread_in_native, id=9728, stack(0x0000000001df0000,0x0000000001ef0000)]

Other Threads:
  0x0000000016317800 VMThread [stack: 0x00000000173c0000,0x00000000174c0000] [id=3900]
  0x0000000017ced000 WatcherThread [stack: 0x00000000181a0000,0x00000000182a0000] [id=8740]

VM state:not at safepoint (normal execution)

VM Mutex/Monitor currently owned by a thread: None

Heap:
 PSYoungGen      total 61952K, used 54811K [0x00000000daf00000, 0x00000000e2800000, 0x0000000100000000)
  eden space 57344K, 87% used [0x00000000daf00000,0x00000000de00cf80,0x00000000de700000)
  from space 4608K, 99% used [0x00000000de700000,0x00000000deb7a020,0x00000000deb80000)
  to   space 4608K, 0% used [0x00000000e2380000,0x00000000e2380000,0x00000000e2800000)
 ParOldGen       total 76800K, used 20100K [0x0000000090c00000, 0x0000000095700000, 0x00000000daf00000)
  object space 76800K, 26% used [0x0000000090c00000,0x0000000091fa10d0,0x0000000095700000)
 Metaspace       used 19670K, capacity 19812K, committed 20096K, reserved 1067008K
  class space    used 2564K, capacity 2606K, committed 2688K, reserved 1048576K

Card table byte_map: [0x00000000114b0000,0x0000000011830000] byte_map_base: 0x000000001102a000

Marking Bits: (ParMarkBitMap*) 0x000000006d81a6d0
 Begin Bits: [0x0000000011e90000, 0x0000000013a60000)
 End Bits:   [0x0000000013a60000, 0x0000000015630000)

Polling page: 0x0000000000470000

CodeCache: size=245760Kb used=9450Kb max_used=9496Kb free=236309Kb
 bounds [0x00000000020f0000, 0x0000000002a50000, 0x00000000110f0000]
 total_blobs=3261 nmethods=2842 adapters=330
 compilation: enabled

Compilation events (10 events):
Event: 3.393 Thread 0x000000001636a000 2851       2       java.nio.DirectByteBuffer::put (18 bytes)
Event: 3.393 Thread 0x000000001636a000 nmethod 2851 0x00000000029f7610 code [0x00000000029f7760, 0x00000000029f78d0]
Event: 3.393 Thread 0x000000001636a000 2852       2       java.nio.DirectByteBuffer::ix (10 bytes)
Event: 3.393 Thread 0x000000001636a000 nmethod 2852 0x00000000029f79d0 code [0x00000000029f7b20, 0x00000000029f7c70]
Event: 3.394 Thread 0x000000001636a000 2854       2       java.nio.DirectByteBuffer::put (18 bytes)
Event: 3.394 Thread 0x000000001636a000 nmethod 2854 0x00000000029f7cd0 code [0x00000000029f7e20, 0x00000000029f7f90]
Event: 3.431 Thread 0x0000000016354800 nmethod 2644 0x00000000029ff0d0 code [0x00000000029ff720, 0x0000000002a02d18]
Event: 3.431 Thread 0x0000000016354800 2855       4       sun.nio.cs.UTF_8$Encoder::encode (359 bytes)
Event: 3.440 Thread 0x0000000016354800 nmethod 2855 0x00000000029fb150 code [0x00000000029fb2c0, 0x00000000029fb978]
Event: 3.440 Thread 0x0000000016354800 2458       4       org.eclipse.emf.ecore.impl.BasicEObjectImpl::eResource (5 bytes)

GC Heap History (6 events):
Event: 0.604 GC heap before
{Heap before GC invocations=1 (full 0):
 PSYoungGen      total 33280K, used 28672K [0x00000000daf00000, 0x00000000dd400000, 0x0000000100000000)
  eden space 28672K, 100% used [0x00000000daf00000,0x00000000dcb00000,0x00000000dcb00000)
  from space 4608K, 0% used [0x00000000dcf80000,0x00000000dcf80000,0x00000000dd400000)
  to   space 4608K, 0% used [0x00000000dcb00000,0x00000000dcb00000,0x00000000dcf80000)
 ParOldGen       total 76800K, used 0K [0x0000000090c00000, 0x0000000095700000, 0x00000000daf00000)
  object space 76800K, 0% used [0x0000000090c00000,0x0000000090c00000,0x0000000095700000)
 Metaspace       used 5333K, capacity 5474K, committed 5504K, reserved 1056768K
  class space    used 604K, capacity 627K, committed 640K, reserved 1048576K
Event: 0.610 GC heap after
Heap after GC invocations=1 (full 0):
 PSYoungGen      total 33280K, used 4586K [0x00000000daf00000, 0x00000000df000000, 0x0000000100000000)
  eden space 28672K, 0% used [0x00000000daf00000,0x00000000daf00000,0x00000000dcb00000)
  from space 4608K, 99% used [0x00000000dcb00000,0x00000000dcf7aa50,0x00000000dcf80000)
  to   space 4608K, 0% used [0x00000000deb80000,0x00000000deb80000,0x00000000df000000)
 ParOldGen       total 76800K, used 1296K [0x0000000090c00000, 0x0000000095700000, 0x00000000daf00000)
  object space 76800K, 1% used [0x0000000090c00000,0x0000000090d44188,0x0000000095700000)
 Metaspace       used 5333K, capacity 5474K, committed 5504K, reserved 1056768K
  class space    used 604K, capacity 627K, committed 640K, reserved 1048576K
}
Event: 0.974 GC heap before
{Heap before GC invocations=2 (full 0):
 PSYoungGen      total 33280K, used 33258K [0x00000000daf00000, 0x00000000df000000, 0x0000000100000000)
  eden space 28672K, 100% used [0x00000000daf00000,0x00000000dcb00000,0x00000000dcb00000)
  from space 4608K, 99% used [0x00000000dcb00000,0x00000000dcf7aa50,0x00000000dcf80000)
  to   space 4608K, 0% used [0x00000000deb80000,0x00000000deb80000,0x00000000df000000)
 ParOldGen       total 76800K, used 1296K [0x0000000090c00000, 0x0000000095700000, 0x00000000daf00000)
  object space 76800K, 1% used [0x0000000090c00000,0x0000000090d44188,0x0000000095700000)
 Metaspace       used 8115K, capacity 8206K, committed 8320K, reserved 1056768K
  class space    used 1012K, capacity 1045K, committed 1152K, reserved 1048576K
Event: 0.988 GC heap after
Heap after GC invocations=2 (full 0):
 PSYoungGen      total 61952K, used 4597K [0x00000000daf00000, 0x00000000df000000, 0x0000000100000000)
  eden space 57344K, 0% used [0x00000000daf00000,0x00000000daf00000,0x00000000de700000)
  from space 4608K, 99% used [0x00000000deb80000,0x00000000deffd5a0,0x00000000df000000)
  to   space 4608K, 0% used [0x00000000de700000,0x00000000de700000,0x00000000deb80000)
 ParOldGen       total 76800K, used 8973K [0x0000000090c00000, 0x0000000095700000, 0x00000000daf00000)
  object space 76800K, 11% used [0x0000000090c00000,0x00000000914c3678,0x0000000095700000)
 Metaspace       used 8115K, capacity 8206K, committed 8320K, reserved 1056768K
  class space    used 1012K, capacity 1045K, committed 1152K, reserved 1048576K
}
Event: 1.926 GC heap before
{Heap before GC invocations=3 (full 0):
 PSYoungGen      total 61952K, used 61941K [0x00000000daf00000, 0x00000000df000000, 0x0000000100000000)
  eden space 57344K, 100% used [0x00000000daf00000,0x00000000de700000,0x00000000de700000)
  from space 4608K, 99% used [0x00000000deb80000,0x00000000deffd5a0,0x00000000df000000)
  to   space 4608K, 0% used [0x00000000de700000,0x00000000de700000,0x00000000deb80000)
 ParOldGen       total 76800K, used 8973K [0x0000000090c00000, 0x0000000095700000, 0x00000000daf00000)
  object space 76800K, 11% used [0x0000000090c00000,0x00000000914c3678,0x0000000095700000)
 Metaspace       used 14216K, capacity 14294K, committed 14464K, reserved 1062912K
  class space    used 1857K, capacity 1889K, committed 1920K, reserved 1048576K
Event: 1.946 GC heap after
Heap after GC invocations=3 (full 0):
 PSYoungGen      total 61952K, used 4584K [0x00000000daf00000, 0x00000000e2800000, 0x0000000100000000)
  eden space 57344K, 0% used [0x00000000daf00000,0x00000000daf00000,0x00000000de700000)
  from space 4608K, 99% used [0x00000000de700000,0x00000000deb7a020,0x00000000deb80000)
  to   space 4608K, 0% used [0x00000000e2380000,0x00000000e2380000,0x00000000e2800000)
 ParOldGen       total 76800K, used 20100K [0x0000000090c00000, 0x0000000095700000, 0x00000000daf00000)
  object space 76800K, 26% used [0x0000000090c00000,0x0000000091fa10d0,0x0000000095700000)
 Metaspace       used 14216K, capacity 14294K, committed 14464K, reserved 1062912K
  class space    used 1857K, capacity 1889K, committed 1920K, reserved 1048576K
}

Deoptimization events (10 events):
Event: 2.845 Thread 0x0000000001ff5800 Uncommon trap: reason=bimorphic action=maybe_recompile pc=0x00000000029248b8 method=org.eclipse.emf.common.util.AbstractTreeIterator.next()Ljava/lang/Object; @ 153
Event: 2.845 Thread 0x0000000001ff5800 Uncommon trap: reason=bimorphic action=maybe_recompile pc=0x00000000029248b8 method=org.eclipse.emf.common.util.AbstractTreeIterator.next()Ljava/lang/Object; @ 153
Event: 2.909 Thread 0x0000000001ff5800 Uncommon trap: reason=array_check action=maybe_recompile pc=0x00000000028f9b44 method=org.eclipse.emf.common.util.BasicEList.assign(ILjava/lang/Object;)Ljava/lang/Object; @ 6
Event: 2.910 Thread 0x0000000001ff5800 Uncommon trap: reason=array_check action=maybe_recompile pc=0x00000000028f9b44 method=org.eclipse.emf.common.util.BasicEList.assign(ILjava/lang/Object;)Ljava/lang/Object; @ 6
Event: 2.913 Thread 0x0000000001ff5800 Uncommon trap: reason=array_check action=maybe_recompile pc=0x00000000028f9b44 method=org.eclipse.emf.common.util.BasicEList.assign(ILjava/lang/Object;)Ljava/lang/Object; @ 6
Event: 2.913 Thread 0x0000000001ff5800 Uncommon trap: reason=array_check action=maybe_recompile pc=0x00000000028f9b44 method=org.eclipse.emf.common.util.BasicEList.assign(ILjava/lang/Object;)Ljava/lang/Object; @ 6
Event: 3.050 Thread 0x0000000001ff5800 Uncommon trap: reason=unstable_if action=reinterpret pc=0x00000000025cba8c method=java.util.concurrent.ConcurrentHashMap.putVal(Ljava/lang/Object;Ljava/lang/Object;Z)Ljava/lang/Object; @ 181
Event: 3.295 Thread 0x0000000001ff5800 Uncommon trap: reason=unstable_if action=reinterpret pc=0x00000000024770a8 method=java.io.WinNTFileSystem.normalize(Ljava/lang/String;)Ljava/lang/String; @ 49
Event: 3.309 Thread 0x0000000001ff5800 Uncommon trap: reason=unstable_if action=reinterpret pc=0x00000000026bda20 method=sun.security.provider.DigestBase.engineUpdate([BII)V @ 1
Event: 3.332 Thread 0x0000000001ff5800 Uncommon trap: reason=unstable_if action=reinterpret pc=0x00000000022b2a50 method=sun.nio.cs.UTF_8$Encoder.encode([CII[B)I @ 33

Internal exceptions (10 events):
Event: 2.712 Thread 0x0000000001ff5800 Implicit null exception at 0x00000000026fd1d0 to 0x00000000026fd2b1
Event: 2.910 Thread 0x0000000001ff5800 Exception <a 'java/io/FileNotFoundException'> (0x00000000dccdb0f0) thrown at [C:\re\workspace\8-2-build-windows-amd64-cygwin\jdk8u101\7261\hotspot\src\share\vm\prims\jni.cpp, line 709]
Event: 2.915 Thread 0x0000000001ff5800 Exception <a 'java/io/FileNotFoundException'> (0x00000000dccecda8) thrown at [C:\re\workspace\8-2-build-windows-amd64-cygwin\jdk8u101\7261\hotspot\src\share\vm\prims\jni.cpp, line 709]
Event: 2.937 Thread 0x0000000001ff5800 Exception <a 'java/io/FileNotFoundException'> (0x00000000dcd7b0d0) thrown at [C:\re\workspace\8-2-build-windows-amd64-cygwin\jdk8u101\7261\hotspot\src\share\vm\prims\jni.cpp, line 709]
Event: 3.404 Thread 0x0000000001ff5800 Exception <a 'java/security/PrivilegedActionException'> (0x00000000ddf147b0) thrown at [C:\re\workspace\8-2-build-windows-amd64-cygwin\jdk8u101\7261\hotspot\src\share\vm\prims\jvm.cpp, line 1386]
Event: 3.405 Thread 0x0000000001ff5800 Exception <a 'java/security/PrivilegedActionException'> (0x00000000ddf15ce0) thrown at [C:\re\workspace\8-2-build-windows-amd64-cygwin\jdk8u101\7261\hotspot\src\share\vm\prims\jvm.cpp, line 1386]
Event: 3.405 Thread 0x0000000001ff5800 Exception <a 'java/security/PrivilegedActionException'> (0x00000000ddf17110) thrown at [C:\re\workspace\8-2-build-windows-amd64-cygwin\jdk8u101\7261\hotspot\src\share\vm\prims\jvm.cpp, line 1386]
Event: 3.405 Thread 0x0000000001ff5800 Exception <a 'java/security/PrivilegedActionException'> (0x00000000ddf187d0) thrown at [C:\re\workspace\8-2-build-windows-amd64-cygwin\jdk8u101\7261\hotspot\src\share\vm\prims\jvm.cpp, line 1386]
Event: 3.405 Thread 0x0000000001ff5800 Exception <a 'java/security/PrivilegedActionException'> (0x00000000ddf19bc8) thrown at [C:\re\workspace\8-2-build-windows-amd64-cygwin\jdk8u101\7261\hotspot\src\share\vm\prims\jvm.cpp, line 1386]
Event: 3.405 Thread 0x0000000001ff5800 Exception <a 'java/security/PrivilegedActionException'> (0x00000000ddf1af90) thrown at [C:\re\workspace\8-2-build-windows-amd64-cygwin\jdk8u101\7261\hotspot\src\share\vm\prims\jvm.cpp, line 1386]

Events (10 events):
Event: 3.425 loading class org/lwjgl/openal/ALCdevice
Event: 3.425 loading class org/lwjgl/openal/ALCdevice done
Event: 3.426 loading class org/lwjgl/openal/ALCcontext
Event: 3.426 loading class org/lwjgl/openal/ALCcontext done
Event: 3.427 loading class java/nio/DirectIntBufferU
Event: 3.427 loading class java/nio/DirectIntBufferU done
Event: 3.428 loading class org/lwjgl/openal/Util
Event: 3.428 loading class org/lwjgl/openal/Util done
Event: 3.428 loading class org/lwjgl/openal/OpenALException
Event: 3.428 loading class org/lwjgl/openal/OpenALException done


Dynamic libraries:
0x00007ff698950000 - 0x00007ff698987000 	C:\Program Files\Java\jre1.8.0_101\bin\javaw.exe
0x00007ffd629b0000 - 0x00007ffd62b5c000 	C:\WINDOWS\SYSTEM32\ntdll.dll
0x00007ffd627f0000 - 0x00007ffd6292e000 	C:\WINDOWS\system32\KERNEL32.DLL
0x00007ffd5fc20000 - 0x00007ffd5fd35000 	C:\WINDOWS\system32\KERNELBASE.dll
0x00007ffd5e6b0000 - 0x00007ffd5e73e000 	C:\WINDOWS\system32\apphelp.dll
0x00007ffd51ba0000 - 0x00007ffd51bf3000 	C:\WINDOWS\AppPatch\AppPatch64\AcGenral.DLL
0x00007ffd623f0000 - 0x00007ffd6249a000 	C:\WINDOWS\system32\msvcrt.dll
0x00007ffd5f9a0000 - 0x00007ffd5f9ce000 	C:\WINDOWS\SYSTEM32\SspiCli.dll
0x00007ffd62010000 - 0x00007ffd62064000 	C:\WINDOWS\system32\SHLWAPI.dll
0x00007ffd60530000 - 0x00007ffd606a7000 	C:\WINDOWS\system32\USER32.dll
0x00007ffd62250000 - 0x00007ffd623e4000 	C:\WINDOWS\system32\ole32.dll
0x00007ffd60990000 - 0x00007ffd61ea8000 	C:\WINDOWS\system32\SHELL32.dll
0x00007ffd5f0e0000 - 0x00007ffd5f101000 	C:\WINDOWS\SYSTEM32\USERENV.dll
0x00007ffd60880000 - 0x00007ffd6092a000 	C:\WINDOWS\system32\ADVAPI32.dll
0x00007ffd57fe0000 - 0x00007ffd57ffe000 	C:\WINDOWS\SYSTEM32\MPR.dll
0x00007ffd60380000 - 0x00007ffd604c1000 	C:\WINDOWS\system32\RPCRT4.dll
0x00007ffd604d0000 - 0x00007ffd60529000 	C:\WINDOWS\SYSTEM32\sechost.dll
0x00007ffd60090000 - 0x00007ffd602a1000 	C:\WINDOWS\SYSTEM32\combase.dll
0x00007ffd61eb0000 - 0x00007ffd62001000 	C:\WINDOWS\system32\GDI32.dll
0x00007ffd5fb00000 - 0x00007ffd5fb15000 	C:\WINDOWS\SYSTEM32\profapi.dll
0x00007ffd5e5f0000 - 0x00007ffd5e6a2000 	C:\WINDOWS\SYSTEM32\SHCORE.dll
0x00007ffd60050000 - 0x00007ffd60086000 	C:\WINDOWS\system32\IMM32.DLL
0x00007ffd624a0000 - 0x00007ffd625f1000 	C:\WINDOWS\system32\MSCTF.dll
0x00007ffd5ce00000 - 0x00007ffd5d07b000 	C:\WINDOWS\WinSxS\amd64_microsoft.windows.common-controls_6595b64144ccf1df_6.0.9600.17415_none_6240486fecbd8abb\COMCTL32.dll
0x000000006ccc0000 - 0x000000006cd92000 	C:\Program Files\Java\jre1.8.0_101\bin\msvcr100.dll
0x000000006d000000 - 0x000000006d89a000 	C:\Program Files\Java\jre1.8.0_101\bin\server\jvm.dll
0x00007ffd490d0000 - 0x00007ffd490d9000 	C:\WINDOWS\SYSTEM32\WSOCK32.dll
0x00007ffd5d800000 - 0x00007ffd5d822000 	C:\WINDOWS\SYSTEM32\WINMM.dll
0x00007ffd5d830000 - 0x00007ffd5d83a000 	C:\WINDOWS\SYSTEM32\VERSION.dll
0x00007ffd62930000 - 0x00007ffd62937000 	C:\WINDOWS\system32\PSAPI.DLL
0x00007ffd626c0000 - 0x00007ffd6271a000 	C:\WINDOWS\system32\WS2_32.dll
0x00007ffd5d7d0000 - 0x00007ffd5d7fa000 	C:\WINDOWS\SYSTEM32\WINMMBASE.dll
0x00007ffd60870000 - 0x00007ffd60879000 	C:\WINDOWS\system32\NSI.dll
0x00007ffd5fbd0000 - 0x00007ffd5fc1f000 	C:\WINDOWS\SYSTEM32\cfgmgr32.dll
0x00007ffd5e900000 - 0x00007ffd5e928000 	C:\WINDOWS\SYSTEM32\DEVOBJ.dll
0x000000006cf10000 - 0x000000006cf1f000 	C:\Program Files\Java\jre1.8.0_101\bin\verify.dll
0x000000006cee0000 - 0x000000006cf09000 	C:\Program Files\Java\jre1.8.0_101\bin\java.dll
0x000000006cec0000 - 0x000000006ced6000 	C:\Program Files\Java\jre1.8.0_101\bin\zip.dll
0x0000000065580000 - 0x0000000065616000 	C:\Users\Mmonstermouth\AppData\Local\Temp\libgdxMmonstermouth\12dfaa03\gdx64.dll
0x00007ffd5f440000 - 0x00007ffd5f460000 	C:\WINDOWS\SYSTEM32\CRYPTSP.dll
0x00007ffd5efd0000 - 0x00007ffd5f006000 	C:\WINDOWS\system32\rsaenh.dll
0x00007ffd5f690000 - 0x00007ffd5f6b6000 	C:\WINDOWS\SYSTEM32\bcrypt.dll
0x00007ffd5f9d0000 - 0x00007ffd5fa33000 	C:\WINDOWS\system32\bcryptprimitives.dll
0x00007ffd5fa40000 - 0x00007ffd5fa4b000 	C:\WINDOWS\SYSTEM32\CRYPTBASE.dll
0x000000006cea0000 - 0x000000006ceba000 	C:\Program Files\Java\jre1.8.0_101\bin\net.dll
0x00007ffd5f3e0000 - 0x00007ffd5f439000 	C:\WINDOWS\system32\mswsock.dll
0x00007ffd59ae0000 - 0x00007ffd59b0a000 	C:\WINDOWS\SYSTEM32\IPHLPAPI.DLL
0x00007ffd59ac0000 - 0x00007ffd59aca000 	C:\WINDOWS\SYSTEM32\WINNSI.DLL
0x00007ffd597e0000 - 0x00007ffd597f6000 	C:\WINDOWS\SYSTEM32\dhcpcsvc6.DLL
0x00007ffd59720000 - 0x00007ffd5973a000 	C:\WINDOWS\SYSTEM32\dhcpcsvc.DLL
0x000000006ce80000 - 0x000000006ce91000 	C:\Program Files\Java\jre1.8.0_101\bin\nio.dll
0x0000000180000000 - 0x0000000180053000 	C:\Users\Mmonstermouth\AppData\Local\Temp\libgdxMmonstermouth\dc0f0009\lwjgl64.dll
0x00007ffd4aef0000 - 0x00007ffd4b01b000 	C:\WINDOWS\SYSTEM32\OPENGL32.dll
0x00007ffd50580000 - 0x00007ffd505ae000 	C:\WINDOWS\SYSTEM32\GLU32.dll
0x00007ffd49b30000 - 0x00007ffd49c28000 	C:\WINDOWS\SYSTEM32\DDRAW.dll
0x00007ffd5b710000 - 0x00007ffd5b719000 	C:\WINDOWS\SYSTEM32\DCIMAN32.dll
0x0000000001f40000 - 0x0000000001fa4000 	C:\Users\MMONST~1\AppData\Local\Temp\libgdxMmonstermouth\dc0f0009\OpenAL64.dll
0x00007ffd5e5e0000 - 0x00007ffd5e5eb000 	C:\WINDOWS\SYSTEM32\kernel.appcore.dll
0x00007ffd5e390000 - 0x00007ffd5e4b9000 	C:\WINDOWS\system32\uxtheme.dll
0x00007ffd62730000 - 0x00007ffd627e6000 	C:\WINDOWS\SYSTEM32\clbcatq.dll
0x00007ffd4e300000 - 0x00007ffd4e39d000 	C:\WINDOWS\SYSTEM32\dsound.dll
0x00007ffd5f110000 - 0x00007ffd5f156000 	C:\WINDOWS\SYSTEM32\POWRPROF.dll
0x00007ffd5cca0000 - 0x00007ffd5cd10000 	C:\WINDOWS\System32\MMDevApi.dll
0x00007ffd5cac0000 - 0x00007ffd5cb3e000 	C:\WINDOWS\SYSTEM32\AUDIOSES.DLL
0x00007ffd602b0000 - 0x00007ffd60371000 	C:\WINDOWS\system32\OLEAUT32.dll
0x00007ffd49800000 - 0x00007ffd4998a000 	C:\WINDOWS\SYSTEM32\dbghelp.dll

VM Arguments:
jvm_args: -Duser.language=en_US -Dfile.encoding=UTF-8 
java_command: org.uqbar.project.wollok.launch.WollokLauncher -requestsPort 0 -eventsPort 0 -folder -dontValidate -wf src/programa_juego_aventura.wpgm
java_class_path (initial): C:\Users\Mmonstermouth\Desktop\Programming\juego-aventura-manaos-de-uva\bin;C:\Users\Mmonstermouth\Desktop\Programming\Wollok\plugins\com.ibm.icu_56.1.0.v201601250100.jar;C:\Users\Mmonstermouth\Desktop\Programming\Wollok\plugins\org.eclipse.xtext_2.11.0.v20170130-0808.jar;C:\Users\Mmonstermouth\Desktop\Programming\Wollok\plugins\org.eclipse.emf.ecore.xmi_2.12.0.v20160420-0247.jar;C:\Users\Mmonstermouth\Desktop\Programming\Wollok\plugins\org.eclipse.emf.ecore_2.12.0.v20160420-0247.jar;C:\Users\Mmonstermouth\Desktop\Programming\Wollok\plugins\org.eclipse.emf.common_2.12.0.v20160420-0247.jar;C:\Users\Mmonstermouth\Desktop\Programming\Wollok\plugins\org.antlr.runtime_3.2.0.v201101311130.jar;C:\Users\Mmonstermouth\Desktop\Programming\Wollok\plugins\com.google.inject_3.0.0.v201605172100.jar;C:\Users\Mmonstermouth\Desktop\Programming\Wollok\plugins\org.eclipse.emf.mwe.core_1.5.0.201906111547.jar;C:\Users\Mmonstermouth\Desktop\Programming\Wollok\plugins\org.apache.commons.cli_1.2.0.v201404270220.jar;C:\Users\Mmonstermouth\Desktop\Programming\Wollok\plugins\org.eclipse.emf.mwe2.runtime_2.11.0.201906111547.jar;C:\Users\Mmonstermouth\Desktop\Programming\Wollok\plugins\org.eclipse.emf.mwe.utils_1.5.0.201906111547.jar;C:\Users\Mmonstermouth\Desktop\Programming\Wollok\plugins\org.eclipse.xtext.util_2.11.0.v20170130-0808.jar;C:\Users\Mmonstermouth\Desktop\Programming\Wollok\plugins\com.google.guava_15.0.0.v201403281430.jar;C:\Users\Mmonstermouth\Desktop\Programming\Wollok\plugins\javax.inject_1.0.0.v20091030.jar;C:\Users\Mmonstermouth\Desktop\Programming\Wollok\plugins\org.eclipse.xtext.generator_2.11.0.v20170131-1210.jar;C:\Users\Mmonstermouth\Desktop\Programming\Wollok\plugins\org.eclipse.xtext.xtext.generator_2.11.0.v20170130-0808.jar;C:\Users\Mmonstermouth\Desktop\Programming\Wollok\plugins\org.eclipse.xtext.xbase.lib_2.11.0.v20170124-1424.jar;C:\Users\Mmonstermouth\Desktop\Programming\Wollok\plugins\org.eclipse.emf.codegen.ecore_2.12.0.v20160526-0
Launcher Type: SUN_STANDARD

Environment Variables:
PATH=C:/Program Files/Java/jre1.8.0_101/bin/server;C:/Program Files/Java/jre1.8.0_101/bin;C:/Program Files/Java/jre1.8.0_101/lib/amd64;C:\Program Files (x86)\NVIDIA Corporation\PhysX\Common;C:\ProgramData\Oracle\Java\javapath;C:\WINDOWS\system32;C:\WINDOWS;C:\WINDOWS\System32\Wbem;C:\WINDOWS\System32\WindowsPowerShell\v1.0\;C:\Program Files\Java\jdk1.8.0_91\bin;C:\Program Files (x86)\Skype\Phone\;C:\Program Files (x86)\AMD\ATI.ACE\Core-Static;C:\ProgramData\chocolatey\bin;C:\Users\Mmonstermouth\AppData\Local\Programs\Python\Python37-32\Scripts\;C:\Users\Mmonstermouth\AppData\Local\Programs\Python\Python37-32\;C:\Users\Mmonstermouth\AppData\Local\Programs\Microsoft VS Code\bin;C:\Users\Mmonstermouth\Desktop\Programming\Wollok;
USERNAME=Mmonstermouth
OS=Windows_NT
PROCESSOR_IDENTIFIER=AMD64 Family 21 Model 48 Stepping 1, AuthenticAMD



---------------  S Y S T E M  ---------------

OS: Windows 8.1 , 64 bit Build 9600 (6.3.9600.17415)

CPU:total 4 (4 cores per cpu, 1 threads per core) family 21 model 48 stepping 1, cmov, cx8, fxsr, mmx, sse, sse2, sse3, ssse3, sse4.1, sse4.2, popcnt, avx, aes, clmul, mmxext, 3dnowpref, lzcnt, sse4a, tsc, tscinvbit, tscinv, bmi1

Memory: 4k page, physical 7283104k(2225600k free), swap 11494476k(3870024k free)

vm_info: Java HotSpot(TM) 64-Bit Server VM (25.101-b13) for windows-amd64 JRE (1.8.0_101-b13), built on Jun 22 2016 01:21:29 by "java_re" with MS VC++ 10.0 (VS2010)

time: Wed Oct 30 22:46:12 2019
elapsed time: 3 seconds (0d 0h 0m 3s)

